<?xml version="1.0" encoding="UTF-8"?>
<!-- Generated by org.testng.reporters.JUnitReportReporter -->
<testsuite skipped="0" hostname="Dell-PC" name="com.crm.qa.testcases.LoginPageTest" tests="3" failures="0" timestamp="14 Aug 2020 11:53:52 GMT" time="49.974" errors="0">
  <testcase name="loginPageTitleTest" time="11.756" classname="com.crm.qa.testcases.LoginPageTest"/>
  <testcase name="crmLogoImageTest" time="10.862" classname="com.crm.qa.testcases.LoginPageTest"/>
  <testcase name="loginTest" time="27.356" classname="com.crm.qa.testcases.LoginPageTest"/>
</testsuite> <!-- com.crm.qa.testcases.LoginPageTest -->
